C:\Program Files\Microsoft Visual Studio\2022\Community\MSBuild\Microsoft\VC\v170\Microsoft.CppBuild.targets(531,5): warning MSB8028: Le répertoire intermédiaire (C:\Users\Mathieu\dev\c++\imguiapps\imgui-docking\imgui-docking\examples\example_win32_directx11\Debug\) contient des fichiers partagés provenant d'un autre projet (example_win32_directx11.vcxproj). Cela peut entraîner un comportement de nettoyage et de regénération incorrect.
  injectorUi.cpp
C:\Program Files\Microsoft Visual Studio\2022\Community\VC\Tools\MSVC\14.37.32822\include\xstring(2728,53): warning C4244: 'argument' : conversion de 'wchar_t' en 'const _Elem', perte possible de données
          with
          [
              _Elem=char
          ]
C:\Program Files\Microsoft Visual Studio\2022\Community\VC\Tools\MSVC\14.37.32822\include\xstring(2584,17): message : voir la référence à l'instanciation de la fonction modèle 'void std::basic_string<char,std::char_traits<char>,std::allocator<char>>::_Construct_from_iter<wchar_t*,wchar_t*,_Size_type>(_Iter,const _Sent,_Size)' en cours de compilation
          with
          [
              _Size_type=unsigned int,
              _Iter=wchar_t *,
              _Sent=wchar_t *,
              _Size=unsigned int
          ]
C:\Users\Mathieu\dev\c++\imguiapps\imgui-docking\imgui-docking\examples\example_win32_directx11\fileBrowser.h(57,18): message : voir la référence à l'instanciation de la fonction modèle 'std::basic_string<char,std::char_traits<char>,std::allocator<char>>::basic_string<std::_String_iterator<std::_String_val<std::_Simple_types<_Elem>>>,0>(_Iter,_Iter,const _Alloc &)' en cours de compilation
          with
          [
              _Elem=wchar_t,
              _Iter=std::_String_iterator<std::_String_val<std::_Simple_types<wchar_t>>>,
              _Alloc=std::allocator<char>
          ]
C:\Users\Mathieu\dev\c++\imguiapps\imgui-docking\imgui-docking\examples\example_win32_directx11\fileBrowser.h(57,18): message : voir la première référence à « std::basic_string<char,std::char_traits<char>,std::allocator<char>>::basic_string » dans « openFile »
  llai.cpp
  Génération de code en cours...
  example_win32_directx11.vcxproj -> C:\Users\Mathieu\dev\c++\imguiapps\imgui-docking\imgui-docking\examples\example_win32_directx11\Debug\Scalp.exe
